C:\USERS\DEX\DOCUMENTS\VISUAL STUDIO 2010\PROJECTS\FINGERSKEL_OLD\DEBUG\FINGERSKEL.EXE
C:\USERS\DEX\DOCUMENTS\VISUAL STUDIO 2010\PROJECTS\FINGERSKEL_OLD\DEBUG\FINGERSKEL.ILK
C:\USERS\DEX\DOCUMENTS\VISUAL STUDIO 2010\PROJECTS\FINGERSKEL_OLD\DEBUG\FINGERSKEL.PDB
C:\USERS\DEX\DOCUMENTS\VISUAL STUDIO 2010\PROJECTS\FINGERSKEL_OLD\FINGERSKEL\DEBUG\FINGERSKEL.EXE.EMBED.MANIFEST
C:\USERS\DEX\DOCUMENTS\VISUAL STUDIO 2010\PROJECTS\FINGERSKEL_OLD\FINGERSKEL\DEBUG\FINGERSKEL.EXE.EMBED.MANIFEST.RES
C:\USERS\DEX\DOCUMENTS\VISUAL STUDIO 2010\PROJECTS\FINGERSKEL_OLD\FINGERSKEL\DEBUG\FINGERSKEL.EXE.INTERMEDIATE.MANIFEST
C:\USERS\DEX\DOCUMENTS\VISUAL STUDIO 2010\PROJECTS\FINGERSKEL_OLD\FINGERSKEL\DEBUG\FINGERSKEL.OBJ
C:\USERS\DEX\DOCUMENTS\VISUAL STUDIO 2010\PROJECTS\FINGERSKEL_OLD\FINGERSKEL\DEBUG\FINGERSKEL.PCH
C:\USERS\DEX\DOCUMENTS\VISUAL STUDIO 2010\PROJECTS\FINGERSKEL_OLD\FINGERSKEL\DEBUG\STDAFX.OBJ
C:\USERS\DEX\DOCUMENTS\VISUAL STUDIO 2010\PROJECTS\FINGERSKEL_OLD\FINGERSKEL\DEBUG\VC100.PDB
C:\USERS\DEX\DOCUMENTS\VISUAL STUDIO 2010\PROJECTS\FINGERSKEL-HISTORY\DEBUG\FINGERSKEL.EXE
C:\USERS\DEX\DOCUMENTS\VISUAL STUDIO 2010\PROJECTS\FINGERSKEL-HISTORY\DEBUG\FINGERSKEL.ILK
C:\USERS\DEX\DOCUMENTS\VISUAL STUDIO 2010\PROJECTS\FINGERSKEL-HISTORY\DEBUG\FINGERSKEL.PDB
C:\Users\DeX\Documents\Visual Studio 2010\Projects\FingerSkel-History\FingerSkel\Debug\cl.command.1.tlog
C:\Users\DeX\Documents\Visual Studio 2010\Projects\FingerSkel-History\FingerSkel\Debug\CL.read.1.tlog
C:\Users\DeX\Documents\Visual Studio 2010\Projects\FingerSkel-History\FingerSkel\Debug\CL.write.1.tlog
C:\Users\DeX\Documents\Visual Studio 2010\Projects\FingerSkel-History\FingerSkel\Debug\FingerSkel.exe.embed.manifest
C:\USERS\DEX\DOCUMENTS\VISUAL STUDIO 2010\PROJECTS\FINGERSKEL-HISTORY\FINGERSKEL\DEBUG\FINGERSKEL.EXE.EMBED.MANIFEST.RES
C:\USERS\DEX\DOCUMENTS\VISUAL STUDIO 2010\PROJECTS\FINGERSKEL-HISTORY\FINGERSKEL\DEBUG\FINGERSKEL.EXE.INTERMEDIATE.MANIFEST
C:\USERS\DEX\DOCUMENTS\VISUAL STUDIO 2010\PROJECTS\FINGERSKEL-HISTORY\FINGERSKEL\DEBUG\FINGERSKEL.OBJ
C:\USERS\DEX\DOCUMENTS\VISUAL STUDIO 2010\PROJECTS\FINGERSKEL-HISTORY\FINGERSKEL\DEBUG\FINGERSKEL.PCH
C:\Users\DeX\Documents\Visual Studio 2010\Projects\FingerSkel-History\FingerSkel\Debug\FingerSkel_manifest.rc
C:\Users\DeX\Documents\Visual Studio 2010\Projects\FingerSkel-History\FingerSkel\Debug\link.1220.read.1.tlog
C:\Users\DeX\Documents\Visual Studio 2010\Projects\FingerSkel-History\FingerSkel\Debug\link.1220.write.1.tlog
C:\Users\DeX\Documents\Visual Studio 2010\Projects\FingerSkel-History\FingerSkel\Debug\link.1220-cvtres.read.1.tlog
C:\Users\DeX\Documents\Visual Studio 2010\Projects\FingerSkel-History\FingerSkel\Debug\link.1220-cvtres.write.1.tlog
C:\Users\DeX\Documents\Visual Studio 2010\Projects\FingerSkel-History\FingerSkel\Debug\link.4360.read.1.tlog
C:\Users\DeX\Documents\Visual Studio 2010\Projects\FingerSkel-History\FingerSkel\Debug\link.4360.write.1.tlog
C:\Users\DeX\Documents\Visual Studio 2010\Projects\FingerSkel-History\FingerSkel\Debug\link.4360-cvtres.read.1.tlog
C:\Users\DeX\Documents\Visual Studio 2010\Projects\FingerSkel-History\FingerSkel\Debug\link.4360-cvtres.write.1.tlog
C:\Users\DeX\Documents\Visual Studio 2010\Projects\FingerSkel-History\FingerSkel\Debug\link.4516.read.1.tlog
C:\Users\DeX\Documents\Visual Studio 2010\Projects\FingerSkel-History\FingerSkel\Debug\link.4516.write.1.tlog
C:\Users\DeX\Documents\Visual Studio 2010\Projects\FingerSkel-History\FingerSkel\Debug\link.4832.read.1.tlog
C:\Users\DeX\Documents\Visual Studio 2010\Projects\FingerSkel-History\FingerSkel\Debug\link.4832.write.1.tlog
C:\Users\DeX\Documents\Visual Studio 2010\Projects\FingerSkel-History\FingerSkel\Debug\link.4832-cvtres.read.1.tlog
C:\Users\DeX\Documents\Visual Studio 2010\Projects\FingerSkel-History\FingerSkel\Debug\link.4832-cvtres.write.1.tlog
C:\Users\DeX\Documents\Visual Studio 2010\Projects\FingerSkel-History\FingerSkel\Debug\link.4856.read.1.tlog
C:\Users\DeX\Documents\Visual Studio 2010\Projects\FingerSkel-History\FingerSkel\Debug\link.4856.write.1.tlog
C:\Users\DeX\Documents\Visual Studio 2010\Projects\FingerSkel-History\FingerSkel\Debug\link.5064.read.1.tlog
C:\Users\DeX\Documents\Visual Studio 2010\Projects\FingerSkel-History\FingerSkel\Debug\link.5064.write.1.tlog
C:\Users\DeX\Documents\Visual Studio 2010\Projects\FingerSkel-History\FingerSkel\Debug\link.5064-cvtres.read.1.tlog
C:\Users\DeX\Documents\Visual Studio 2010\Projects\FingerSkel-History\FingerSkel\Debug\link.5064-cvtres.write.1.tlog
C:\Users\DeX\Documents\Visual Studio 2010\Projects\FingerSkel-History\FingerSkel\Debug\link.6424.read.1.tlog
C:\Users\DeX\Documents\Visual Studio 2010\Projects\FingerSkel-History\FingerSkel\Debug\link.6424.write.1.tlog
C:\Users\DeX\Documents\Visual Studio 2010\Projects\FingerSkel-History\FingerSkel\Debug\link.6424-cvtres.read.1.tlog
C:\Users\DeX\Documents\Visual Studio 2010\Projects\FingerSkel-History\FingerSkel\Debug\link.6424-cvtres.write.1.tlog
C:\Users\DeX\Documents\Visual Studio 2010\Projects\FingerSkel-History\FingerSkel\Debug\link.7064.read.1.tlog
C:\Users\DeX\Documents\Visual Studio 2010\Projects\FingerSkel-History\FingerSkel\Debug\link.7064.write.1.tlog
C:\Users\DeX\Documents\Visual Studio 2010\Projects\FingerSkel-History\FingerSkel\Debug\link.7064-cvtres.read.1.tlog
C:\Users\DeX\Documents\Visual Studio 2010\Projects\FingerSkel-History\FingerSkel\Debug\link.7064-cvtres.write.1.tlog
C:\Users\DeX\Documents\Visual Studio 2010\Projects\FingerSkel-History\FingerSkel\Debug\link.7664.read.1.tlog
C:\Users\DeX\Documents\Visual Studio 2010\Projects\FingerSkel-History\FingerSkel\Debug\link.7664.write.1.tlog
C:\Users\DeX\Documents\Visual Studio 2010\Projects\FingerSkel-History\FingerSkel\Debug\link.7664-cvtres.read.1.tlog
C:\Users\DeX\Documents\Visual Studio 2010\Projects\FingerSkel-History\FingerSkel\Debug\link.7664-cvtres.write.1.tlog
C:\Users\DeX\Documents\Visual Studio 2010\Projects\FingerSkel-History\FingerSkel\Debug\link.7684.read.1.tlog
C:\Users\DeX\Documents\Visual Studio 2010\Projects\FingerSkel-History\FingerSkel\Debug\link.7684.write.1.tlog
C:\Users\DeX\Documents\Visual Studio 2010\Projects\FingerSkel-History\FingerSkel\Debug\link.8116.read.1.tlog
C:\Users\DeX\Documents\Visual Studio 2010\Projects\FingerSkel-History\FingerSkel\Debug\link.8116.write.1.tlog
C:\Users\DeX\Documents\Visual Studio 2010\Projects\FingerSkel-History\FingerSkel\Debug\link.8116-cvtres.read.1.tlog
C:\Users\DeX\Documents\Visual Studio 2010\Projects\FingerSkel-History\FingerSkel\Debug\link.8116-cvtres.write.1.tlog
C:\Users\DeX\Documents\Visual Studio 2010\Projects\FingerSkel-History\FingerSkel\Debug\link.command.1.tlog
C:\Users\DeX\Documents\Visual Studio 2010\Projects\FingerSkel-History\FingerSkel\Debug\link.read.1.tlog
C:\Users\DeX\Documents\Visual Studio 2010\Projects\FingerSkel-History\FingerSkel\Debug\link.write.1.tlog
C:\Users\DeX\Documents\Visual Studio 2010\Projects\FingerSkel-History\FingerSkel\Debug\link-cvtres.read.1.tlog
C:\Users\DeX\Documents\Visual Studio 2010\Projects\FingerSkel-History\FingerSkel\Debug\link-cvtres.write.1.tlog
C:\Users\DeX\Documents\Visual Studio 2010\Projects\FingerSkel-History\FingerSkel\Debug\mt.command.1.tlog
C:\Users\DeX\Documents\Visual Studio 2010\Projects\FingerSkel-History\FingerSkel\Debug\mt.read.1.tlog
C:\Users\DeX\Documents\Visual Studio 2010\Projects\FingerSkel-History\FingerSkel\Debug\mt.write.1.tlog
C:\Users\DeX\Documents\Visual Studio 2010\Projects\FingerSkel-History\FingerSkel\Debug\rc.command.1.tlog
C:\Users\DeX\Documents\Visual Studio 2010\Projects\FingerSkel-History\FingerSkel\Debug\rc.read.1.tlog
C:\Users\DeX\Documents\Visual Studio 2010\Projects\FingerSkel-History\FingerSkel\Debug\rc.write.1.tlog
C:\USERS\DEX\DOCUMENTS\VISUAL STUDIO 2010\PROJECTS\FINGERSKEL-HISTORY\FINGERSKEL\DEBUG\STDAFX.OBJ
C:\Users\DeX\Documents\Visual Studio 2010\Projects\FingerSkel-History\FingerSkel\Debug\vc100.idb
C:\USERS\DEX\DOCUMENTS\VISUAL STUDIO 2010\PROJECTS\FINGERSKEL-HISTORY\FINGERSKEL\DEBUG\VC100.PDB
